<?xml version="1.0" encoding="UTF-8"?>
<!-- Generated by org.testng.reporters.JUnitReportReporter -->
<testsuite hostname="deepakajith" failures="0" tests="1" name="testng.Ddtforebay" time="7.518" errors="0" timestamp="2023-11-07T12:18:55 IST" skipped="0">
  <testcase classname="testng.Ddtforebay" name="tstt" time="7.518"/>
  <system-out/>
</testsuite> <!-- testng.Ddtforebay -->
