<?xml version="1.0" encoding="UTF-8"?>
<!-- Generated by org.testng.reporters.JUnitReportReporter -->
<testsuite hostname="deepakajith" failures="0" tests="1" name="testng.Windowhandlingamazon" time="7.369" errors="0" timestamp="2023-11-07T12:43:08 IST" skipped="0">
  <testcase classname="testng.Windowhandlingamazon" name="test" time="7.369"/>
  <system-out/>
</testsuite> <!-- testng.Windowhandlingamazon -->
