<?xml version="1.0" encoding="UTF-8"?>
<!-- Generated by org.testng.reporters.JUnitReportReporter -->
<testsuite hostname="deepakajith" failures="0" tests="1" name="testng.GuruswitchtoothertabthroughNAV" time="6.775" errors="0" timestamp="2023-10-31T14:01:13 IST" skipped="0">
  <testcase classname="testng.GuruswitchtoothertabthroughNAV" name="stt" time="6.775"/>
  <system-out/>
</testsuite> <!-- testng.GuruswitchtoothertabthroughNAV -->
