<?xml version="1.0" encoding="UTF-8"?>
<!-- Generated by org.testng.reporters.JUnitReportReporter -->
<testsuite hostname="deepakajith" failures="0" tests="2" name="testng.Demousingtestng" time="0.013" errors="0" timestamp="2023-10-18T14:58:27 IST" skipped="0">
  <testcase classname="testng.Demousingtestng" name="test3" time="0.002"/>
  <system-out/>
  <testcase classname="testng.Demousingtestng" name="test1" time="0.011"/>
  <system-out/>
</testsuite> <!-- testng.Demousingtestng -->
