<?xml version="1.0" encoding="UTF-8"?>
<!-- Generated by org.testng.reporters.JUnitReportReporter -->
<testsuite hostname="deepakajith" failures="0" tests="1" name="testng.ExtentReportprgrm" time="0.904" errors="0" timestamp="2023-10-31T22:49:32 IST" skipped="0">
  <testcase classname="testng.ExtentReportprgrm" name="fbtitletest" time="0.904"/>
  <system-out/>
</testsuite> <!-- testng.ExtentReportprgrm -->
