<?xml version="1.0" encoding="UTF-8"?>
<!-- Generated by org.testng.reporters.JUnitReportReporter -->
<testsuite hostname="deepakajith" failures="0" tests="1" name="testng.FlipkartMultiplewindows" time="4.481" errors="0" timestamp="2023-10-31T13:04:53 IST" skipped="0">
  <testcase classname="testng.FlipkartMultiplewindows" name="test" time="4.481"/>
  <system-out/>
</testsuite> <!-- testng.FlipkartMultiplewindows -->
