<?xml version="1.0" encoding="UTF-8"?>
<!-- Generated by org.testng.reporters.JUnitReportReporter -->
<testsuite hostname="deepakajith" failures="0" tests="5" name="testng.TestNG_First3concepts" time="0.015" errors="0" timestamp="2023-10-18T17:42:13 IST" skipped="0">
  <testcase classname="testng.TestNG_First3concepts" name="test2" time="0.003"/>
  <system-out/>
  <testcase classname="testng.TestNG_First3concepts" name="test1" time="0.005"/>
  <system-out/>
  <testcase classname="testng.TestNG_First3concepts" name="test3" time="0.002"/>
  <system-out/>
  <testcase classname="testng.TestNG_First3concepts" name="test4" time="0.002"/>
  <system-out/>
  <testcase classname="testng.TestNG_First3concepts" name="test5" time="0.003"/>
  <system-out/>
</testsuite> <!-- testng.TestNG_First3concepts -->
