<?xml version="1.0" encoding="UTF-8"?>
<!-- Generated by org.testng.reporters.JUnitReportReporter -->
<testsuite hostname="deepakajith" failures="0" tests="1" name="testng.Explicitwait" time="0.903" errors="0" timestamp="2023-10-24T20:42:48 IST" skipped="0">
  <testcase classname="testng.Explicitwait" name="testi" time="0.903"/>
  <system-out/>
</testsuite> <!-- testng.Explicitwait -->
