<?xml version="1.0" encoding="UTF-8"?>
<!-- Generated by org.testng.reporters.JUnitReportReporter -->
<testsuite hostname="deepakajith" failures="0" tests="1" name="testng.Robotclass" time="5.262" errors="0" timestamp="2023-10-30T10:40:43 IST" skipped="0">
  <testcase classname="testng.Robotclass" name="tst" time="5.262"/>
  <system-out/>
</testsuite> <!-- testng.Robotclass -->
