<?xml version="1.0" encoding="UTF-8"?>
<!-- Generated by org.testng.reporters.JUnitReportReporter -->
<testsuite hostname="deepakajith" failures="0" tests="1" name="testng.Pagesource" time="0.771" errors="0" timestamp="2023-11-07T11:08:03 IST" skipped="0">
  <testcase classname="testng.Pagesource" name="testt" time="0.771"/>
  <system-out/>
</testsuite> <!-- testng.Pagesource -->
