<?xml version="1.0" encoding="UTF-8"?>
<!-- Generated by org.testng.reporters.JUnitReportReporter -->
<testsuite hostname="deepakajith" failures="0" tests="1" name="testng.ExtentReportofMaliekal" time="18.395" errors="0" timestamp="2023-11-02T12:38:12 IST" skipped="0">
  <testcase classname="testng.ExtentReportofMaliekal" name="tst" time="18.395"/>
  <system-out/>
</testsuite> <!-- testng.ExtentReportofMaliekal -->
