<?xml version="1.0" encoding="UTF-8"?>
<!-- Generated by org.testng.reporters.JUnitReportReporter -->
<testsuite hostname="deepakajith" failures="0" tests="1" name="testng.Aone" time="5.187" errors="0" timestamp="2023-11-09T21:02:13 IST" skipped="0">
  <testcase classname="testng.Aone" name="tstt" time="5.187"/>
  <system-out/>
</testsuite> <!-- testng.Aone -->
