<?xml version="1.0" encoding="UTF-8"?>
<!-- Generated by org.testng.reporters.JUnitReportReporter -->
<testsuite hostname="deepakajith" failures="0" tests="1" name="testng.BookingdotcomDatepicker" time="4.669" errors="0" timestamp="2023-10-31T13:43:29 IST" skipped="0">
  <testcase classname="testng.BookingdotcomDatepicker" name="startingtest" time="4.669"/>
  <system-out/>
</testsuite> <!-- testng.BookingdotcomDatepicker -->
