<?xml version="1.0" encoding="UTF-8"?>
<!-- Generated by org.testng.reporters.JUnitReportReporter -->
<testsuite hostname="deepakajith" failures="0" tests="1" name="testng.DragandDrop" time="1.332" errors="0" timestamp="2023-10-19T22:15:55 IST" skipped="0">
  <testcase classname="testng.DragandDrop" name="test" time="1.332"/>
  <system-out/>
</testsuite> <!-- testng.DragandDrop -->
