<?xml version="1.0" encoding="UTF-8"?>
<!-- Generated by org.testng.reporters.JUnitReportReporter -->
<testsuite hostname="deepakajith" failures="0" tests="1" name="testng.Disablenotifi" time="0.086" errors="0" timestamp="2023-11-10T10:26:57 IST" skipped="0">
  <testcase classname="testng.Disablenotifi" name="notificationtest" time="0.086"/>
  <system-out/>
</testsuite> <!-- testng.Disablenotifi -->
