<?xml version="1.0" encoding="UTF-8"?>
<!-- Generated by org.testng.reporters.JUnitReportReporter -->
<testsuite hostname="deepakajith" failures="0" tests="1" name="testng.Udemythroughddt" time="10.722" errors="0" timestamp="2023-10-31T10:36:47 IST" skipped="0">
  <testcase classname="testng.Udemythroughddt" name="test" time="10.722"/>
  <system-out/>
</testsuite> <!-- testng.Udemythroughddt -->
