<?xml version="1.0" encoding="UTF-8"?>
<!-- Generated by org.testng.reporters.JUnitReportReporter -->
<testsuite hostname="deepakajith" failures="0" tests="1" name="testng.Extendreportsofnew" time="2.863" errors="0" timestamp="2023-11-01T23:22:48 IST" skipped="0">
  <testcase classname="testng.Extendreportsofnew" name="test" time="2.863"/>
  <system-out/>
</testsuite> <!-- testng.Extendreportsofnew -->
