<?xml version="1.0" encoding="UTF-8"?>
<!-- Generated by org.testng.reporters.JUnitReportReporter -->
<testsuite hostname="deepakajith" failures="0" tests="1" name="testng.Godaddymenulinks" time="2.007" errors="0" timestamp="2023-11-07T11:08:17 IST" skipped="0">
  <testcase classname="testng.Godaddymenulinks" name="testt" time="2.007"/>
  <system-out/>
</testsuite> <!-- testng.Godaddymenulinks -->
