<?xml version="1.0" encoding="UTF-8"?>
<!-- Generated by org.testng.reporters.JUnitReportReporter -->
<testsuite hostname="deepakajith" failures="0" tests="1" name="testng.Linkverificationoftrivago" time="1.244" errors="0" timestamp="2023-11-14T22:12:05 IST" skipped="0">
  <testcase classname="testng.Linkverificationoftrivago" name="linkverification" time="1.244"/>
  <system-out/>
</testsuite> <!-- testng.Linkverificationoftrivago -->
