<?xml version="1.0" encoding="UTF-8"?>
<!-- Generated by org.testng.reporters.JUnitReportReporter -->
<testsuite hostname="deepakajith" failures="0" tests="1" name="testng.Uploadfile" time="0.600" errors="0" timestamp="2023-10-25T15:18:38 IST" skipped="0">
  <testcase classname="testng.Uploadfile" name="tst" time="0.600"/>
  <system-out/>
</testsuite> <!-- testng.Uploadfile -->
