<?xml version="1.0" encoding="UTF-8"?>
<!-- Generated by org.testng.reporters.JUnitReportReporter -->
<testsuite hostname="deepakajith" failures="0" tests="1" name="testng.Datadriven" time="8.281" errors="0" timestamp="2023-10-29T12:45:59 IST" skipped="0">
  <testcase classname="testng.Datadriven" name="test" time="8.281"/>
  <system-out/>
</testsuite> <!-- testng.Datadriven -->
