<?xml version="1.0" encoding="UTF-8"?>
<!-- Generated by org.testng.reporters.JUnitReportReporter -->
<testsuite hostname="deepakajith" failures="0" tests="1" name="testng.Amazonscrolldown" time="3.039" errors="0" timestamp="2023-11-07T14:42:10 IST" skipped="0">
  <testcase classname="testng.Amazonscrolldown" name="amatesting" time="3.039"/>
  <system-out/>
</testsuite> <!-- testng.Amazonscrolldown -->
