<?xml version="1.0" encoding="UTF-8"?>
<!-- Generated by org.testng.reporters.JUnitReportReporter -->
<testsuite hostname="deepakajith" failures="0" tests="1" name="testng.FBloginandpasswordusingparameter" time="0.218" errors="0" timestamp="2023-10-19T20:49:59 IST" skipped="0">
  <testcase classname="testng.FBloginandpasswordusingparameter" name="test" time="0.218"/>
  <system-out/>
</testsuite> <!-- testng.FBloginandpasswordusingparameter -->
