<?xml version="1.0" encoding="UTF-8"?>
<!-- Generated by org.testng.reporters.JUnitReportReporter -->
<testsuite hostname="deepakajith" failures="0" tests="3" name="testng.Crossbrowser" time="8.547" errors="0" timestamp="2023-10-25T14:48:22 IST" skipped="0">
  <testcase classname="testng.Crossbrowser" name="test" time="2.319"/>
  <system-out/>
  <testcase classname="testng.Crossbrowser" name="test" time="2.424"/>
  <system-out/>
  <testcase classname="testng.Crossbrowser" name="test" time="3.804"/>
  <system-out/>
</testsuite> <!-- testng.Crossbrowser -->
