<?xml version="1.0" encoding="UTF-8"?>
<!-- Generated by org.testng.reporters.JUnitReportReporter -->
<testsuite hostname="deepakajith" failures="0" tests="1" name="testng.Chromenotifications" time="1.822" errors="0" timestamp="2023-10-29T12:22:53 IST" skipped="0">
  <testcase classname="testng.Chromenotifications" name="test" time="1.822"/>
  <system-out/>
</testsuite> <!-- testng.Chromenotifications -->
