<?xml version="1.0" encoding="UTF-8"?>
<!-- Generated by org.testng.reporters.JUnitReportReporter -->
<testsuite hostname="deepakajith" failures="0" tests="1" name="testng.Disableolxnot" time="0.004" errors="0" timestamp="2023-11-07T12:04:45 IST" skipped="0">
  <testcase classname="testng.Disableolxnot" name="testt" time="0.004"/>
  <system-out/>
</testsuite> <!-- testng.Disableolxnot -->
