<?xml version="1.0" encoding="UTF-8"?>
<!-- Generated by org.testng.reporters.JUnitReportReporter -->
<testsuite hostname="deepakajith" failures="0" tests="1" name="testpkg.Instatest" time="1.056" errors="0" timestamp="2023-11-02T10:25:29 IST" skipped="0">
  <testcase classname="testpkg.Instatest" name="tst" time="1.056"/>
  <system-out/>
</testsuite> <!-- testpkg.Instatest -->
