<?xml version="1.0" encoding="UTF-8"?>
<!-- Generated by org.testng.reporters.JUnitReportReporter -->
<testsuite hostname="deepakajith" failures="0" tests="1" name="testng.Ebaymousehover" time="8.618" errors="0" timestamp="2023-10-20T15:04:15 IST" skipped="0">
  <testcase classname="testng.Ebaymousehover" name="testt" time="8.618"/>
  <system-out/>
</testsuite> <!-- testng.Ebaymousehover -->
