<?xml version="1.0" encoding="UTF-8"?>
<!-- Generated by org.testng.reporters.JUnitReportReporter -->
<testsuite hostname="deepakajith" failures="0" tests="3" name="testng.Instagramthroughcross" time="11.481" errors="0" timestamp="2023-10-25T15:51:10 IST" skipped="0">
  <testcase classname="testng.Instagramthroughcross" name="test" time="5.200"/>
  <system-out/>
  <testcase classname="testng.Instagramthroughcross" name="test" time="3.680"/>
  <system-out/>
  <testcase classname="testng.Instagramthroughcross" name="test" time="2.601"/>
  <system-out/>
</testsuite> <!-- testng.Instagramthroughcross -->
