<?xml version="1.0" encoding="UTF-8"?>
<!-- Generated by org.testng.reporters.JUnitReportReporter -->
<testsuite hostname="deepakajith" failures="0" tests="1" name="testng.Scrnshot" time="0.228" errors="0" timestamp="2023-11-14T22:42:33 IST" skipped="0">
  <testcase classname="testng.Scrnshot" name="tesstt" time="0.228"/>
  <system-out/>
</testsuite> <!-- testng.Scrnshot -->
