<?xml version="1.0" encoding="UTF-8"?>
<!-- Generated by org.testng.reporters.JUnitReportReporter -->
<testsuite hostname="deepakajith" failures="0" tests="1" name="testng.Ddtforwhatsapp" time="4.174" errors="0" timestamp="2023-10-30T11:08:42 IST" skipped="0">
  <testcase classname="testng.Ddtforwhatsapp" name="test" time="4.174"/>
  <system-out/>
</testsuite> <!-- testng.Ddtforwhatsapp -->
