<?xml version="1.0" encoding="UTF-8"?>
<!-- Generated by org.testng.reporters.JUnitReportReporter -->
<testsuite hostname="deepakajith" failures="0" tests="1" name="testng.Windowhandling" time="27.358" errors="0" timestamp="2023-11-09T22:45:41 IST" skipped="0">
  <testcase classname="testng.Windowhandling" name="windowshandling" time="27.358"/>
  <system-out/>
</testsuite> <!-- testng.Windowhandling -->
