<?xml version="1.0" encoding="UTF-8"?>
<!-- Generated by org.testng.reporters.JUnitReportReporter -->
<testsuite hostname="deepakajith" failures="0" tests="1" name="testng.Practice" time="0.089" errors="0" timestamp="2023-11-07T11:07:45 IST" skipped="0">
  <testcase classname="testng.Practice" name="tst" time="0.089"/>
  <system-out/>
</testsuite> <!-- testng.Practice -->
