<?xml version="1.0" encoding="UTF-8"?>
<!-- Generated by org.testng.reporters.JUnitReportReporter -->
<testsuite hostname="deepakajith" failures="0" tests="1" name="testng.ExtentReportforInstagram" time="1.600" errors="0" timestamp="2023-10-31T21:47:07 IST" skipped="0">
  <testcase classname="testng.ExtentReportforInstagram" name="testt" time="1.600"/>
  <system-out/>
</testsuite> <!-- testng.ExtentReportforInstagram -->
