<?xml version="1.0" encoding="UTF-8"?>
<!-- Generated by org.testng.reporters.JUnitReportReporter -->
<testsuite hostname="deepakajith" failures="0" tests="1" name="testng.Agodadatepicker" time="1.943" errors="0" timestamp="2023-10-30T17:55:13 IST" skipped="0">
  <testcase classname="testng.Agodadatepicker" name="start" time="1.943"/>
  <system-out/>
</testsuite> <!-- testng.Agodadatepicker -->
