<?xml version="1.0" encoding="UTF-8"?>
<!-- Generated by org.testng.reporters.JUnitReportReporter -->
<testsuite hostname="deepakajith" failures="0" tests="1" name="testng.Implicitwait" time="3.492" errors="0" timestamp="2023-10-23T13:24:56 IST" skipped="0">
  <testcase classname="testng.Implicitwait" name="test" time="3.492"/>
  <system-out/>
</testsuite> <!-- testng.Implicitwait -->
