<?xml version="1.0" encoding="UTF-8"?>
<!-- Generated by org.testng.reporters.JUnitReportReporter -->
<testsuite hostname="deepakajith" failures="0" tests="1" name="testng.Uploadphototoreduceimagedotcom" time="9.348" errors="0" timestamp="2023-10-30T11:21:05 IST" skipped="0">
  <testcase classname="testng.Uploadphototoreduceimagedotcom" name="strtingtest" time="9.348"/>
  <system-out/>
</testsuite> <!-- testng.Uploadphototoreduceimagedotcom -->
