<?xml version="1.0" encoding="UTF-8"?>
<!-- Generated by org.testng.reporters.JUnitReportReporter -->
<testsuite hostname="deepakajith" failures="0" tests="1" name="testng.Twotabs" time="4.545" errors="0" timestamp="2023-11-07T12:23:23 IST" skipped="0">
  <testcase classname="testng.Twotabs" name="tst" time="4.545"/>
  <system-out/>
</testsuite> <!-- testng.Twotabs -->
