<?xml version="1.0" encoding="UTF-8"?>
<!-- Generated by org.testng.reporters.JUnitReportReporter -->
<testsuite hostname="deepakajith" failures="0" tests="1" name="testng.CopyandPaste" time="0.583" errors="0" timestamp="2023-10-19T21:29:02 IST" skipped="0">
  <testcase classname="testng.CopyandPaste" name="test" time="0.583"/>
  <system-out/>
</testsuite> <!-- testng.CopyandPaste -->
