<?xml version="1.0" encoding="UTF-8"?>
<!-- Generated by org.testng.reporters.JUnitReportReporter -->
<testsuite hostname="deepakajith" failures="0" tests="1" name="testng.Extendreportsfortrivago" time="3.503" errors="0" timestamp="2023-11-14T21:22:05 IST" skipped="0">
  <testcase classname="testng.Extendreportsfortrivago" name="startintest" time="3.503"/>
  <system-out/>
</testsuite> <!-- testng.Extendreportsfortrivago -->
