<?xml version="1.0" encoding="UTF-8"?>
<!-- Generated by org.testng.reporters.JUnitReportReporter -->
<testsuite hostname="deepakajith" failures="0" tests="1" name="testng.ResumeuploadthroughRobot" time="7.504" errors="0" timestamp="2023-10-26T16:21:20 IST" skipped="0">
  <testcase classname="testng.ResumeuploadthroughRobot" name="test" time="7.504"/>
  <system-out/>
</testsuite> <!-- testng.ResumeuploadthroughRobot -->
