<?xml version="1.0" encoding="UTF-8"?>
<!-- Generated by org.testng.reporters.JUnitReportReporter -->
<testsuite hostname="deepakajith" failures="0" tests="1" name="testng.Linksverificationofsaucedemo" time="13.212" errors="0" timestamp="2023-11-09T21:23:43 IST" skipped="0">
  <testcase classname="testng.Linksverificationofsaucedemo" name="linkVerificationtest" time="13.212"/>
  <system-out/>
</testsuite> <!-- testng.Linksverificationofsaucedemo -->
