<?xml version="1.0" encoding="UTF-8"?>
<!-- Generated by org.testng.reporters.JUnitReportReporter -->
<testsuite hostname="deepakajith" failures="0" tests="1" name="testng.Amazonmultiplewindowshandling" time="15.066" errors="0" timestamp="2023-10-30T13:07:12 IST" skipped="0">
  <testcase classname="testng.Amazonmultiplewindowshandling" name="ll" time="15.066"/>
  <system-out/>
</testsuite> <!-- testng.Amazonmultiplewindowshandling -->
