<?xml version="1.0" encoding="UTF-8"?>
<!-- Generated by org.testng.reporters.JUnitReportReporter -->
<testsuite hostname="deepakajith" failures="0" tests="1" name="testng.Ddtforinstagram" time="2.605" errors="0" timestamp="2023-10-30T10:45:00 IST" skipped="0">
  <testcase classname="testng.Ddtforinstagram" name="testt" time="2.605"/>
  <system-out/>
</testsuite> <!-- testng.Ddtforinstagram -->
