<?xml version="1.0" encoding="UTF-8"?>
<!-- Generated by org.testng.reporters.JUnitReportReporter -->
<testsuite hostname="deepakajith" failures="0" tests="1" name="testng.YahooExtentReport" time="1.276" errors="0" timestamp="2023-11-01T13:55:20 IST" skipped="0">
  <testcase classname="testng.YahooExtentReport" name="testt" time="1.276"/>
  <system-out/>
</testsuite> <!-- testng.YahooExtentReport -->
