<?xml version="1.0" encoding="UTF-8"?>
<!-- Generated by org.testng.reporters.JUnitReportReporter -->
<testsuite hostname="deepakajith" failures="0" tests="1" name="testng.Parameter" time="0.009" errors="0" timestamp="2023-10-18T15:19:24 IST" skipped="0">
  <testcase classname="testng.Parameter" name="testing" time="0.009"/>
  <system-out/>
</testsuite> <!-- testng.Parameter -->
