<?xml version="1.0" encoding="UTF-8"?>
<!-- Generated by org.testng.reporters.JUnitReportReporter -->
<testsuite hostname="deepakajith" failures="0" tests="1" name="testng.chrmenotif" time="1.959" errors="0" timestamp="2023-11-07T10:30:57 IST" skipped="0">
  <testcase classname="testng.chrmenotif" name="tst" time="1.959"/>
  <system-out/>
</testsuite> <!-- testng.chrmenotif -->
