<?xml version="1.0" encoding="UTF-8"?>
<!-- Generated by org.testng.reporters.JUnitReportReporter -->
<testsuite hostname="deepakajith" failures="0" tests="1" name="testng.Datepicker" time="4.766" errors="0" timestamp="2023-10-30T17:46:57 IST" skipped="0">
  <testcase classname="testng.Datepicker" name="testing" time="4.766"/>
  <system-out/>
</testsuite> <!-- testng.Datepicker -->
