<?xml version="1.0" encoding="UTF-8"?>
<!-- Generated by org.testng.reporters.JUnitReportReporter -->
<testsuite hostname="deepakajith" failures="0" tests="1" name="testpkg.Fblogintest" time="3.994" errors="0" timestamp="2023-11-01T15:24:05 IST" skipped="0">
  <testcase classname="testpkg.Fblogintest" name="tsttt" time="3.994"/>
  <system-out/>
</testsuite> <!-- testpkg.Fblogintest -->
