<?xml version="1.0" encoding="UTF-8"?>
<!-- Generated by org.testng.reporters.JUnitReportReporter -->
<testsuite hostname="deepakajith" failures="0" tests="1" name="testng.DisablebrowsernotifforOLX" time="1.557" errors="0" timestamp="2023-10-30T14:37:59 IST" skipped="0">
  <testcase classname="testng.DisablebrowsernotifforOLX" name="tst" time="1.557"/>
  <system-out/>
</testsuite> <!-- testng.DisablebrowsernotifforOLX -->
